<?xml version="1.0" encoding="UTF-8"?>
<!-- Generated by org.testng.reporters.JUnitReportReporter -->
<testsuite hostname="Deku" failures="0" tests="2" name="Maven_TestNG.Tests.standAloneTest" time="16.797" errors="0" timestamp="2024-06-16T11:25:54 IST" skipped="0">
  <testcase classname="Maven_TestNG.Tests.standAloneTest" name="submitOrder" time="7.746"/>
  <testcase classname="Maven_TestNG.Tests.standAloneTest" name="submitOrder" time="9.051"/>
</testsuite> <!-- Maven_TestNG.Tests.standAloneTest -->
